\BOOKMARK [1][]{section.1}{\376\377\116\000\060\001\000\040\225\356\230\230\221\315\217\360}{}% 1
\BOOKMARK [2][]{subsection.1.1}{\376\377\0001\000.\0001\000\040\225\356\230\230\200\314\146\157}{section.1}% 2
\BOOKMARK [2][]{subsection.1.2}{\376\377\0001\000.\0002\000\040\225\356\230\230\221\315\217\360}{section.1}% 3
\BOOKMARK [1][]{section.2}{\376\377\116\214\060\001\000\040\225\356\230\230\122\006\147\220}{}% 4
\BOOKMARK [2][]{subsection.2.1}{\376\377\0002\000.\0001\000\040\225\356\230\230\0001\122\006\147\220}{section.2}% 5
\BOOKMARK [2][]{subsection.2.2}{\376\377\0002\000.\0002\000\040\225\356\230\230\0002\122\006\147\220}{section.2}% 6
\BOOKMARK [2][]{subsection.2.3}{\376\377\0002\000.\0003\000\040\225\356\230\230\0003\122\006\147\220}{section.2}% 7
\BOOKMARK [2][]{subsection.2.4}{\376\377\0002\000.\0004\000\040\225\356\230\230\0004\122\006\147\220}{section.2}% 8
\BOOKMARK [1][]{section.3}{\376\377\116\011\060\001\000\040\152\041\127\213\120\107\213\276}{}% 9
\BOOKMARK [1][]{section.4}{\376\377\126\333\060\001\000\040\173\046\123\367\213\364\146\016}{}% 10
\BOOKMARK [1][]{section.5}{\376\377\116\224\060\001\000\040\225\356\230\230\116\000\166\204\152\041\127\213\136\372\172\313\116\016\154\102\211\343}{}% 11
\BOOKMARK [2][]{subsection.5.1}{\376\377\0005\000.\0001\000\040\145\160\143\156\230\204\131\004\164\006}{section.5}% 12
\BOOKMARK [3][]{subsubsection.5.1.1}{\376\377\0005\000.\0001\000.\0001\000\040\150\007\213\260\232\330\215\050\221\317\150\067\147\054}{subsection.5.1}% 13
\BOOKMARK [3][]{subsubsection.5.1.2}{\376\377\0005\000.\0001\000.\0002\000\040\221\317\123\026\131\004\164\006}{subsection.5.1}% 14
\BOOKMARK [2][]{subsection.5.2}{\376\377\0005\000.\0002\000\040\145\160\143\156\117\247\121\231}{section.5}% 15
\BOOKMARK [2][]{subsection.5.3}{\376\377\0005\000.\0003\000\040\152\041\127\213\136\372\172\313}{section.5}% 16
\BOOKMARK [2][]{subsection.5.4}{\376\377\0005\000.\0004\000\040\152\041\127\213\154\102\211\343}{section.5}% 17
\BOOKMARK [2][]{subsection.5.5}{\376\377\0005\000.\0005\000\040\154\102\211\343\176\323\147\234\116\016\122\006\147\220}{section.5}% 18
\BOOKMARK [1][]{section.6}{\376\377\121\155\060\001\000\040\225\356\230\230\116\214\166\204\152\041\127\213\136\372\172\313\116\016\154\102\211\343}{}% 19
\BOOKMARK [2][]{subsection.6.1}{\376\377\0006\000.\0001\000\040\225\356\230\230\116\214\166\204\140\035\215\357\122\006\147\220}{section.6}% 20
\BOOKMARK [2][]{subsection.6.2}{\376\377\0006\000.\0002\000\040\145\160\143\156\230\204\131\004\164\006}{section.6}% 21
\BOOKMARK [3][]{subsubsection.6.2.1}{\376\377\0006\000.\0002\000.\0001\000\040\147\011\145\110\145\160\143\156\173\133\220\011}{subsection.6.2}% 22
\BOOKMARK [3][]{subsubsection.6.2.2}{\376\377\0006\000.\0002\000.\0002\000\040\166\356\150\007\145\160\143\156\203\267\123\326}{subsection.6.2}% 23
\BOOKMARK [2][]{subsection.6.3}{\376\377\0006\000.\0003\000\040\121\263\173\126\150\021\152\041\127\213\136\372\172\313}{section.6}% 24
\BOOKMARK [3][]{subsubsection.6.3.1}{\376\377\0006\000.\0003\000.\0001\000\040\117\235\143\156\000B\000M\000I\217\333\210\114\122\006\176\304}{subsection.6.3}% 25
\BOOKMARK [3][]{subsubsection.6.3.2}{\376\377\0006\000.\0003\000.\0002\000\040\220\011\142\351\147\000\117\163\000N\000I\000P\000T\145\366\160\271}{subsection.6.3}% 26
\BOOKMARK [2][]{subsection.6.4}{\376\377\0006\000.\0004\000\040\127\372\116\216\121\263\173\126\150\021\166\204\204\231\162\171\123\141\155\033\152\041\142\337}{section.6}% 27
\BOOKMARK [3][]{subsubsection.6.4.1}{\376\377\0006\000.\0004\000.\0001\000\040\117\235\143\156\000B\000M\000I\217\333\210\114\122\006\176\304}{subsection.6.4}% 28
\BOOKMARK [3][]{subsubsection.6.4.2}{\376\377\0006\000.\0004\000.\0002\000\040\220\011\142\351\147\000\117\163\000N\000I\000P\000T\145\366\160\271}{subsection.6.4}% 29
\BOOKMARK [3][]{subsubsection.6.4.3}{\376\377\0006\000.\0004\000.\0003\000\040\122\006\147\220\213\357\135\356\133\371\176\323\147\234\166\204\137\161\124\315}{subsection.6.4}% 30
\BOOKMARK [1][]{section.7}{\376\377\116\003\060\001\000\040\225\356\230\230\116\011\166\204\152\041\127\213\136\372\172\313\116\016\154\102\211\343}{}% 31
\BOOKMARK [2][]{subsection.7.1}{\376\377\0007\000.\0001\000\040\152\041\127\213\136\372\172\313}{section.7}% 32
\BOOKMARK [2][]{subsection.7.2}{\376\377\0007\000.\0002\000\040\152\041\127\213\154\102\211\343}{section.7}% 33
\BOOKMARK [1][]{section.8}{\376\377\121\153\060\001\000\040\225\356\230\230\126\333\166\204\152\041\127\213\136\372\172\313\116\016\154\102\211\343}{}% 34
\BOOKMARK [2][]{subsection.8.1}{\376\377\0008\000.\0001\000\040\145\160\143\156\230\204\131\004\164\006}{section.8}% 35
\BOOKMARK [3][]{subsubsection.8.1.1}{\376\377\0008\000.\0001\000.\0001\000\040\150\007\213\260\232\330\215\050\221\317\150\067\147\054}{subsection.8.1}% 36
\BOOKMARK [3][]{subsubsection.8.1.2}{\376\377\0008\000.\0001\000.\0002\000\040\137\002\136\070\150\007\213\260}{subsection.8.1}% 37
\BOOKMARK [3][]{subsubsection.8.1.3}{\376\377\0008\000.\0001\000.\0003\000\040\123\330\221\317\131\004\164\006}{subsection.8.1}% 38
\BOOKMARK [2][]{subsection.8.2}{\376\377\0008\000.\0002\000\040\121\161\176\277\140\047\213\312\145\255\116\016\146\076\204\127\123\330\221\317\173\133\220\011}{section.8}% 39
\BOOKMARK [3][]{subsubsection.8.2.1}{\376\377\0008\000.\0002\000.\0001\000\040\176\277\140\047\126\336\137\122\121\161\176\277\140\047\213\312\145\255}{subsection.8.2}% 40
\BOOKMARK [3][]{subsubsection.8.2.2}{\376\377\0008\000.\0002\000.\0002\000\040\000L\000A\000S\000S\000O\126\336\137\122}{subsection.8.2}% 41
\BOOKMARK [3][]{subsubsection.8.2.3}{\376\377\0008\000.\0002\000.\0003\000\040\220\020\153\145\220\073\217\221\126\336\137\122}{subsection.8.2}% 42
\BOOKMARK [2][]{subsection.8.3}{\376\377\0008\000.\0003\000\040\152\041\127\213\136\372\172\313\116\016\154\102\211\343}{section.8}% 43
\BOOKMARK [2][]{subsection.8.4}{\376\377\0008\000.\0004\000\040\152\041\127\213\117\030\123\026}{section.8}% 44
\BOOKMARK [2][]{subsection.8.5}{\376\377\0008\000.\0005\000\040\176\323\147\234\122\006\147\220}{section.8}% 45
\BOOKMARK [1][]{section.9}{\376\377\116\135\060\001\000\040\152\041\127\213\166\204\213\304\116\367\116\016\143\250\136\177}{}% 46
\BOOKMARK [2][]{subsection.9.1}{\376\377\0009\000.\0001\000\040\152\041\127\213\166\204\117\030\160\271}{section.9}% 47
\BOOKMARK [2][]{subsection.9.2}{\376\377\0009\000.\0002\000\040\152\041\127\213\166\204\177\072\160\271}{section.9}% 48
\BOOKMARK [1][]{appendix.1.A}{\376\377\226\104\000\040\137\125\000\040\000A\000\040\145\057\144\221\147\120\145\231\122\027\210\150}{}% 49
\BOOKMARK [1][]{appendix.1.B}{\376\377\226\104\000\040\137\125\000\040\000B\000\040\150\070\137\303\116\343\170\001}{}% 50
